#
# There is insufficient memory for the Java Runtime Environment to continue.
# Native memory allocation (malloc) failed to allocate 1197408 bytes for Chunk::new
# Possible reasons:
#   The system is out of physical RAM or swap space
#   The process is running with CompressedOops enabled, and the Java Heap may be blocking the growth of the native heap
# Possible solutions:
#   Reduce memory load on the system
#   Increase physical memory or swap space
#   Check if swap backing store is full
#   Decrease Java heap size (-Xmx/-Xms)
#   Decrease number of Java threads
#   Decrease Java thread stack sizes (-Xss)
#   Set larger code cache with -XX:ReservedCodeCacheSize=
#   JVM is running with Unscaled Compressed Oops mode in which the Java heap is
#     placed in the first 4GB address space. The Java Heap base address is the
#     maximum limit for the native heap growth. Please use -XX:HeapBaseMinAddress
#     to set the Java Heap base and to place the Java Heap above 4GB virtual address.
# This output file may be truncated or incomplete.
#
#  Out of Memory Error (allocation.cpp:389), pid=12204, tid=0x0000000000002984
#
# JRE version: OpenJDK Runtime Environment (8.0_242-b01) (build 1.8.0_242-release-1644-b01)
# Java VM: OpenJDK 64-Bit Server VM (25.242-b01 mixed mode windows-amd64 compressed oops)
# Failed to write core dump. Minidumps are not enabled by default on client versions of Windows
#

---------------  T H R E A D  ---------------

Current thread (0x0000000017cc8800):  JavaThread "C2 CompilerThread0" daemon [_thread_in_native, id=10628, stack(0x0000000019330000,0x0000000019430000)]

Stack: [0x0000000019330000,0x0000000019430000]
[error occurred during error reporting (printing stack bounds), id 0xc0000005]

Native frames: (J=compiled Java code, j=interpreted, Vv=VM code, C=native code)


Current CompileTask:
C2:1383483 17373       4       com.android.tools.r8.dex.n::a (1022 bytes)


---------------  P R O C E S S  ---------------

Java Threads: ( => current thread )
  0x000000001eb84000 JavaThread "ForkJoinPool.commonPool-worker-3" daemon [_thread_blocked, id=9628, stack(0x0000000029e70000,0x0000000029f70000)]
  0x000000001eb82800 JavaThread "ForkJoinPool.commonPool-worker-2" daemon [_thread_blocked, id=13008, stack(0x0000000029d70000,0x0000000029e70000)]
  0x000000001eb7b800 JavaThread "Cache worker for Java compile cache (C:\Users\USER\AndroidStudioProjects\sqlliteulangan\.gradle\6.1.1\javaCompile)" [_thread_blocked, id=4392, stack(0x0000000027ee0000,0x0000000027fe0000)]
  0x000000001eb7c800 JavaThread "Cache worker for Java compile cache (C:\Users\USER\.gradle\caches\6.1.1\javaCompile)" [_thread_blocked, id=9124, stack(0x000000001ee20000,0x000000001ef20000)]
  0x000000001eb7b000 JavaThread "stdout" [_thread_in_native, id=3920, stack(0x00000000279e0000,0x0000000027ae0000)]
  0x000000001eb79800 JavaThread "stdout" [_thread_in_native, id=12452, stack(0x00000000278e0000,0x00000000279e0000)]
  0x000000001eb78800 JavaThread "stderr" [_thread_in_native, id=6048, stack(0x00000000277e0000,0x00000000278e0000)]
  0x000000001eb78000 JavaThread "stderr" [_thread_in_native, id=2144, stack(0x00000000276e0000,0x00000000277e0000)]
  0x000000001eb77000 JavaThread "stdout" [_thread_in_native, id=5728, stack(0x00000000275e0000,0x00000000276e0000)]
  0x000000001eb7a000 JavaThread "stderr" [_thread_in_native, id=6388, stack(0x00000000274e0000,0x00000000275e0000)]
  0x000000001eb76800 JavaThread "stdout" [_thread_in_native, id=4252, stack(0x00000000273e0000,0x00000000274e0000)]
  0x0000000020a7a800 JavaThread "stderr" [_thread_in_native, id=10788, stack(0x00000000269e0000,0x0000000026ae0000)]
  0x0000000020a78800 JavaThread "pool-6-thread-1" [_thread_blocked, id=8624, stack(0x00000000272e0000,0x00000000273e0000)]
  0x0000000020a7d800 JavaThread "WorkerExecutor Queue Thread 5" [_thread_blocked, id=4556, stack(0x0000000026fe0000,0x00000000270e0000)]
  0x0000000020a77800 JavaThread "MarlinRenderer Disposer" daemon [_thread_blocked, id=12468, stack(0x0000000026ee0000,0x0000000026fe0000)]
  0x0000000020a7d000 JavaThread "Java2D Disposer" daemon [_thread_blocked, id=8364, stack(0x0000000026de0000,0x0000000026ee0000)]
  0x0000000020a7c000 JavaThread "WorkerExecutor Queue Thread 4" [_thread_blocked, id=13164, stack(0x0000000026ae0000,0x0000000026be0000)]
  0x0000000020a7b800 JavaThread "WorkerExecutor Queue Thread 2" [_thread_blocked, id=10432, stack(0x00000000268e0000,0x00000000269e0000)]
  0x000000001ac55800 JavaThread "WorkerExecutor Queue" [_thread_blocked, id=11060, stack(0x00000000267e0000,0x00000000268e0000)]
  0x000000001ac5c800 JavaThread "Cache worker for execution history cache (C:\Users\USER\AndroidStudioProjects\sqlliteulangan\.gradle\6.1.1\executionHistory)" [_thread_blocked, id=2320, stack(0x00000000264e0000,0x00000000265e0000)]
  0x000000001ac59800 JavaThread "Execution worker for ':' Thread 3" [_thread_in_native, id=6116, stack(0x00000000263e0000,0x00000000264e0000)]
  0x00000000202f5800 JavaThread "Execution worker for ':' Thread 2" [_thread_blocked, id=5824, stack(0x00000000262e0000,0x00000000263e0000)]
  0x00000000202f4000 JavaThread "Execution worker for ':'" [_thread_blocked, id=12304, stack(0x00000000261e0000,0x00000000262e0000)]
  0x00000000202f3800 JavaThread "Cache worker for file content cache (C:\Users\USER\AndroidStudioProjects\sqlliteulangan\.gradle\6.1.1\fileContent)" [_thread_blocked, id=12760, stack(0x00000000260e0000,0x00000000261e0000)]
  0x00000000202f8000 JavaThread "Cache worker for file content cache (C:\Users\USER\.gradle\caches\6.1.1\fileContent)" [_thread_blocked, id=9956, stack(0x0000000025de0000,0x0000000025ee0000)]
  0x000000001df71800 JavaThread "Memory manager" [_thread_blocked, id=12572, stack(0x0000000025ce0000,0x0000000025de0000)]
  0x000000001df70000 JavaThread "Cache worker for Build Output Cleanup Cache (C:\Users\USER\AndroidStudioProjects\sqlliteulangan\.gradle\buildOutputCleanup)" [_thread_blocked, id=10576, stack(0x00000000243e0000,0x00000000244e0000)]
  0x000000001df6d800 JavaThread "Build operations Thread 4" [_thread_blocked, id=3608, stack(0x0000000023ee0000,0x0000000023fe0000)]
  0x000000001df6d000 JavaThread "Build operations Thread 3" [_thread_blocked, id=3172, stack(0x0000000023de0000,0x0000000023ee0000)]
  0x000000001df6f000 JavaThread "Build operations Thread 2" [_thread_blocked, id=9684, stack(0x0000000023ae0000,0x0000000023be0000)]
  0x000000001df72000 JavaThread "Build operations" [_thread_blocked, id=6036, stack(0x00000000239e0000,0x0000000023ae0000)]
  0x000000001df6e800 JavaThread "Cache worker for cache directory md-rule (C:\Users\USER\.gradle\caches\6.1.1\md-rule)" [_thread_blocked, id=10152, stack(0x00000000238e0000,0x00000000239e0000)]
  0x000000001df65800 JavaThread "Cache worker for cache directory md-supplier (C:\Users\USER\.gradle\caches\6.1.1\md-supplier)" [_thread_blocked, id=9012, stack(0x00000000237e0000,0x00000000238e0000)]
  0x000000001df6c000 JavaThread "Cache worker for file hash cache (C:\Users\USER\AndroidStudioProjects\sqlliteulangan\.gradle\6.1.1\fileHashes)" [_thread_blocked, id=12612, stack(0x000000001f520000,0x000000001f620000)]
  0x000000001df64800 JavaThread "Cache worker for checksums cache (C:\Users\USER\AndroidStudioProjects\sqlliteulangan\.gradle\checksums)" [_thread_blocked, id=7176, stack(0x000000001f420000,0x000000001f520000)]
  0x000000001df66000 JavaThread "Thread-43" [_thread_blocked, id=7320, stack(0x000000001ef20000,0x000000001f020000)]
  0x000000001df6a800 JavaThread "Asynchronous log dispatcher for DefaultDaemonConnection: socket connection from /127.0.0.1:2676 to /127.0.0.1:2913" [_thread_blocked, id=12564, stack(0x000000001d550000,0x000000001d650000)]
  0x000000001df67800 JavaThread "Daemon worker Thread 3" [_thread_blocked, id=12716, stack(0x000000001d250000,0x000000001d350000)]
  0x000000001df69000 JavaThread "Cancel handler" [_thread_blocked, id=11852, stack(0x000000001d150000,0x000000001d250000)]
  0x000000001df67000 JavaThread "Handler for socket connection from /127.0.0.1:2676 to /127.0.0.1:2913" [_thread_in_native, id=10544, stack(0x000000001ce50000,0x000000001cf50000)]
  0x000000001df6a000 JavaThread "Daemon Thread 3" [_thread_blocked, id=13096, stack(0x000000001cd50000,0x000000001ce50000)]
  0x000000001ac58000 JavaThread "Cache worker for execution history cache (C:\Users\USER\.gradle\caches\6.1.1\executionHistory)" [_thread_blocked, id=8244, stack(0x000000001f620000,0x000000001f720000)]
  0x000000001ac5b800 JavaThread "Cache worker for file hash cache (C:\Users\USER\.gradle\caches\6.1.1\fileHashes)" [_thread_blocked, id=5536, stack(0x000000001da50000,0x000000001db50000)]
  0x000000001ac58800 JavaThread "File lock request listener" [_thread_in_native, id=9656, stack(0x000000001d950000,0x000000001da50000)]
  0x000000001ae30000 JavaThread "Cache worker for journal cache (C:\Users\USER\.gradle\caches\journal-1)" [_thread_blocked, id=9480, stack(0x000000001d850000,0x000000001d950000)]
  0x000000001a225000 JavaThread "Daemon periodic checks" [_thread_blocked, id=5168, stack(0x000000001cc50000,0x000000001cd50000)]
  0x000000001a222800 JavaThread "Incoming local TCP Connector on port 2676" [_thread_in_native, id=8292, stack(0x000000001ca10000,0x000000001cb10000)]
  0x000000001ab80000 JavaThread "Daemon health stats" [_thread_blocked, id=1504, stack(0x000000001c3d0000,0x000000001c4d0000)]
  0x0000000019660800 JavaThread "Service Thread" daemon [_thread_blocked, id=4108, stack(0x0000000019a30000,0x0000000019b30000)]
  0x0000000017cdb000 JavaThread "C1 CompilerThread2" daemon [_thread_blocked, id=3336, stack(0x0000000019530000,0x0000000019630000)]
  0x0000000017ccb000 JavaThread "C2 CompilerThread1" daemon [_thread_in_native, id=7024, stack(0x0000000019430000,0x0000000019530000)]
=>0x0000000017cc8800 JavaThread "C2 CompilerThread0" daemon [_thread_in_native, id=10628, stack(0x0000000019330000,0x0000000019430000)]
  0x0000000017cc7000 JavaThread "Attach Listener" daemon [_thread_blocked, id=9812, stack(0x0000000019230000,0x0000000019330000)]
  0x0000000017cc5800 JavaThread "Signal Dispatcher" daemon [_thread_blocked, id=1984, stack(0x0000000019130000,0x0000000019230000)]
  0x000000000309b800 JavaThread "Finalizer" daemon [_thread_blocked, id=6088, stack(0x0000000018f30000,0x0000000019030000)]
  0x0000000017ca9000 JavaThread "Reference Handler" daemon [_thread_blocked, id=10884, stack(0x0000000018e30000,0x0000000018f30000)]
  0x0000000002f9e000 JavaThread "main" [_thread_blocked, id=13260, stack(0x0000000002db0000,0x0000000002eb0000)]

Other Threads:
  0x0000000017c87800 VMThread [stack: 0x0000000018d30000,0x0000000018e30000] [id=9296]
  0x0000000017d1d800 WatcherThread [stack: 0x0000000019b30000,0x0000000019c30000] [id=10792]

VM state:not at safepoint (normal execution)

VM Mutex/Monitor currently owned by a thread: None

heap address: 0x0000000080000000, size: 2048 MB, Compressed Oops mode: 32-bit
Narrow klass base: 0x0000000000000000, Narrow klass shift: 3
Compressed class space size: 1073741824 Address: 0x0000000100000000

Heap:
 PSYoungGen      total 128000K, used 104453K [0x00000000d5580000, 0x00000000dfe80000, 0x0000000100000000)
  eden space 97792K, 75% used [0x00000000d5580000,0x00000000d9e031f8,0x00000000db500000)
  from space 30208K, 99% used [0x00000000de100000,0x00000000dfe7e518,0x00000000dfe80000)
  to   space 24576K, 0% used [0x00000000db500000,0x00000000db500000,0x00000000dcd00000)
 ParOldGen       total 137728K, used 64620K [0x0000000080000000, 0x0000000088680000, 0x00000000d5580000)
  object space 137728K, 46% used [0x0000000080000000,0x0000000083f1b240,0x0000000088680000)
 Metaspace       used 103780K, capacity 108860K, committed 109104K, reserved 1144832K
  class space    used 13564K, capacity 14573K, committed 14640K, reserved 1048576K

Card table byte_map: [0x0000000012460000,0x0000000012870000] byte_map_base: 0x0000000012060000

Marking Bits: (ParMarkBitMap*) 0x000000006ac7f030
 Begin Bits: [0x0000000012f20000, 0x0000000014f20000)
 End Bits:   [0x0000000014f20000, 0x0000000016f20000)

Polling page: 0x0000000001500000

CodeCache: size=245760Kb used=49173Kb max_used=49173Kb free=196586Kb
 bounds [0x00000000030a0000, 0x0000000006130000, 0x00000000120a0000]
 total_blobs=15858 nmethods=14844 adapters=925
 compilation: enabled

Compilation events (10 events):
Event: 1383.350 Thread 0x0000000017cdb000 17615       2       org.gradle.api.internal.file.collections.DefaultFileCollectionResolveContext$FileCollectionConverter::<init> (10 bytes)
Event: 1383.350 Thread 0x0000000017cdb000 nmethod 17615 0x0000000004466550 code [0x00000000044666a0, 0x0000000004466810]
Event: 1383.350 Thread 0x0000000017cdb000 17616       2       org.gradle.api.internal.file.collections.DefaultFileCollectionResolveContext$FileTreeConverter::<init> (10 bytes)
Event: 1383.350 Thread 0x0000000017cdb000 nmethod 17616 0x00000000040e3f90 code [0x00000000040e40e0, 0x00000000040e4250]
Event: 1383.376 Thread 0x0000000017cdb000 17617       2       org.gradle.internal.snapshot.VfsRelativePath::lengthOfCommonPrefix (173 bytes)
Event: 1383.378 Thread 0x0000000017cdb000 nmethod 17617 0x00000000040e2ed0 code [0x00000000040e30a0, 0x00000000040e37e8]
Event: 1383.382 Thread 0x0000000017cdb000 17618       1       javax.management.ObjectName::getCanonicalName (5 bytes)
Event: 1383.383 Thread 0x0000000017cdb000 nmethod 17618 0x00000000040e2c10 code [0x00000000040e2d60, 0x00000000040e2e70]
Event: 1383.383 Thread 0x0000000017cdb000 17619       2       javax.management.ObjectName::hashCode (8 bytes)
Event: 1383.383 Thread 0x0000000017cdb000 nmethod 17619 0x00000000040e2890 code [0x00000000040e2a00, 0x00000000040e2b68]

GC Heap History (10 events):
Event: 1368.954 GC heap before
{Heap before GC invocations=32 (full 4):
 PSYoungGen      total 95744K, used 91136K [0x00000000d5580000, 0x00000000dde80000, 0x0000000100000000)
  eden space 91136K, 100% used [0x00000000d5580000,0x00000000dae80000,0x00000000dae80000)
  from space 4608K, 0% used [0x00000000db180000,0x00000000db180000,0x00000000db600000)
  to   space 24576K, 0% used [0x00000000dc680000,0x00000000dc680000,0x00000000dde80000)
 ParOldGen       total 137728K, used 55624K [0x0000000080000000, 0x0000000088680000, 0x00000000d5580000)
  object space 137728K, 40% used [0x0000000080000000,0x0000000083652038,0x0000000088680000)
 Metaspace       used 88332K, capacity 92010K, committed 92720K, reserved 1130496K
  class space    used 11442K, capacity 12202K, committed 12336K, reserved 1048576K
Event: 1368.958 GC heap after
Heap after GC invocations=32 (full 4):
 PSYoungGen      total 115712K, used 672K [0x00000000d5580000, 0x00000000de680000, 0x0000000100000000)
  eden space 91136K, 0% used [0x00000000d5580000,0x00000000d5580000,0x00000000dae80000)
  from space 24576K, 2% used [0x00000000dc680000,0x00000000dc728000,0x00000000dde80000)
  to   space 24576K, 0% used [0x00000000dae80000,0x00000000dae80000,0x00000000dc680000)
 ParOldGen       total 137728K, used 55624K [0x0000000080000000, 0x0000000088680000, 0x00000000d5580000)
  object space 137728K, 40% used [0x0000000080000000,0x0000000083652038,0x0000000088680000)
 Metaspace       used 88332K, capacity 92010K, committed 92720K, reserved 1130496K
  class space    used 11442K, capacity 12202K, committed 12336K, reserved 1048576K
}
Event: 1374.936 GC heap before
{Heap before GC invocations=33 (full 4):
 PSYoungGen      total 115712K, used 91808K [0x00000000d5580000, 0x00000000de680000, 0x0000000100000000)
  eden space 91136K, 100% used [0x00000000d5580000,0x00000000dae80000,0x00000000dae80000)
  from space 24576K, 2% used [0x00000000dc680000,0x00000000dc728000,0x00000000dde80000)
  to   space 24576K, 0% used [0x00000000dae80000,0x00000000dae80000,0x00000000dc680000)
 ParOldGen       total 137728K, used 55624K [0x0000000080000000, 0x0000000088680000, 0x00000000d5580000)
  object space 137728K, 40% used [0x0000000080000000,0x0000000083652038,0x0000000088680000)
 Metaspace       used 93677K, capacity 97654K, committed 98096K, reserved 1134592K
  class space    used 12127K, capacity 12990K, committed 13104K, reserved 1048576K
Event: 1374.957 GC heap after
Heap after GC invocations=33 (full 4):
 PSYoungGen      total 115712K, used 7856K [0x00000000d5580000, 0x00000000de380000, 0x0000000100000000)
  eden space 91136K, 0% used [0x00000000d5580000,0x00000000d5580000,0x00000000dae80000)
  from space 24576K, 31% used [0x00000000dae80000,0x00000000db62c090,0x00000000dc680000)
  to   space 23040K, 0% used [0x00000000dcd00000,0x00000000dcd00000,0x00000000de380000)
 ParOldGen       total 137728K, used 55632K [0x0000000080000000, 0x0000000088680000, 0x00000000d5580000)
  object space 137728K, 40% used [0x0000000080000000,0x0000000083654038,0x0000000088680000)
 Metaspace       used 93677K, capacity 97654K, committed 98096K, reserved 1134592K
  class space    used 12127K, capacity 12990K, committed 13104K, reserved 1048576K
}
Event: 1377.835 GC heap before
{Heap before GC invocations=34 (full 4):
 PSYoungGen      total 115712K, used 98992K [0x00000000d5580000, 0x00000000de380000, 0x0000000100000000)
  eden space 91136K, 100% used [0x00000000d5580000,0x00000000dae80000,0x00000000dae80000)
  from space 24576K, 31% used [0x00000000dae80000,0x00000000db62c090,0x00000000dc680000)
  to   space 23040K, 0% used [0x00000000dcd00000,0x00000000dcd00000,0x00000000de380000)
 ParOldGen       total 137728K, used 55632K [0x0000000080000000, 0x0000000088680000, 0x00000000d5580000)
  object space 137728K, 40% used [0x0000000080000000,0x0000000083654038,0x0000000088680000)
 Metaspace       used 101665K, capacity 106534K, committed 106800K, reserved 1142784K
  class space    used 13275K, capacity 14286K, committed 14384K, reserved 1048576K
Event: 1377.865 GC heap after
Heap after GC invocations=34 (full 4):
 PSYoungGen      total 120832K, used 16239K [0x00000000d5580000, 0x00000000de880000, 0x0000000100000000)
  eden space 97792K, 0% used [0x00000000d5580000,0x00000000d5580000,0x00000000db500000)
  from space 23040K, 70% used [0x00000000dcd00000,0x00000000ddcdbe60,0x00000000de380000)
  to   space 24576K, 0% used [0x00000000db500000,0x00000000db500000,0x00000000dcd00000)
 ParOldGen       total 137728K, used 55640K [0x0000000080000000, 0x0000000088680000, 0x00000000d5580000)
  object space 137728K, 40% used [0x0000000080000000,0x0000000083656038,0x0000000088680000)
 Metaspace       used 101665K, capacity 106534K, committed 106800K, reserved 1142784K
  class space    used 13275K, capacity 14286K, committed 14384K, reserved 1048576K
}
Event: 1381.022 GC heap before
{Heap before GC invocations=35 (full 4):
 PSYoungGen      total 120832K, used 114031K [0x00000000d5580000, 0x00000000de880000, 0x0000000100000000)
  eden space 97792K, 100% used [0x00000000d5580000,0x00000000db500000,0x00000000db500000)
  from space 23040K, 70% used [0x00000000dcd00000,0x00000000ddcdbe60,0x00000000de380000)
  to   space 24576K, 0% used [0x00000000db500000,0x00000000db500000,0x00000000dcd00000)
 ParOldGen       total 137728K, used 55640K [0x0000000080000000, 0x0000000088680000, 0x00000000d5580000)
  object space 137728K, 40% used [0x0000000080000000,0x0000000083656038,0x0000000088680000)
 Metaspace       used 103461K, capacity 108562K, committed 108848K, reserved 1142784K
  class space    used 13554K, capacity 14566K, committed 14640K, reserved 1048576K
Event: 1381.088 GC heap after
Heap after GC invocations=35 (full 4):
 PSYoungGen      total 122368K, used 24560K [0x00000000d5580000, 0x00000000dfe80000, 0x0000000100000000)
  eden space 97792K, 0% used [0x00000000d5580000,0x00000000d5580000,0x00000000db500000)
  from space 24576K, 99% used [0x00000000db500000,0x00000000dccfc048,0x00000000dcd00000)
  to   space 30208K, 0% used [0x00000000de100000,0x00000000de100000,0x00000000dfe80000)
 ParOldGen       total 137728K, used 59766K [0x0000000080000000, 0x0000000088680000, 0x00000000d5580000)
  object space 137728K, 43% used [0x0000000080000000,0x0000000083a5db90,0x0000000088680000)
 Metaspace       used 103461K, capacity 108562K, committed 108848K, reserved 1142784K
  class space    used 13554K, capacity 14566K, committed 14640K, reserved 1048576K
}
Event: 1382.362 GC heap before
{Heap before GC invocations=36 (full 4):
 PSYoungGen      total 122368K, used 122352K [0x00000000d5580000, 0x00000000dfe80000, 0x0000000100000000)
  eden space 97792K, 100% used [0x00000000d5580000,0x00000000db500000,0x00000000db500000)
  from space 24576K, 99% used [0x00000000db500000,0x00000000dccfc048,0x00000000dcd00000)
  to   space 30208K, 0% used [0x00000000de100000,0x00000000de100000,0x00000000dfe80000)
 ParOldGen       total 137728K, used 59766K [0x0000000080000000, 0x0000000088680000, 0x00000000d5580000)
  object space 137728K, 43% used [0x0000000080000000,0x0000000083a5db90,0x0000000088680000)
 Metaspace       used 103707K, capacity 108770K, committed 108848K, reserved 1142784K
  class space    used 13555K, capacity 14566K, committed 14640K, reserved 1048576K
Event: 1382.435 GC heap after
Heap after GC invocations=36 (full 4):
 PSYoungGen      total 128000K, used 30201K [0x00000000d5580000, 0x00000000dfe80000, 0x0000000100000000)
  eden space 97792K, 0% used [0x00000000d5580000,0x00000000d5580000,0x00000000db500000)
  from space 30208K, 99% used [0x00000000de100000,0x00000000dfe7e518,0x00000000dfe80000)
  to   space 24576K, 0% used [0x00000000db500000,0x00000000db500000,0x00000000dcd00000)
 ParOldGen       total 137728K, used 64620K [0x0000000080000000, 0x0000000088680000, 0x00000000d5580000)
  object space 137728K, 46% used [0x0000000080000000,0x0000000083f1b240,0x0000000088680000)
 Metaspace       used 103707K, capacity 108770K, committed 108848K, reserved 1142784K
  class space    used 13555K, capacity 14566K, committed 14640K, reserved 1048576K
}

Deoptimization events (10 events):
Event: 1382.100 Thread 0x0000000020a7b800 Uncommon trap: reason=unstable_if action=reinterpret pc=0x0000000005155108 method=java.nio.Bits.copyToArray(JLjava/lang/Object;JJJ)V @ 19
Event: 1382.101 Thread 0x0000000020a7b800 Uncommon trap: reason=unstable_if action=reinterpret pc=0x000000000564f544 method=java.util.regex.Pattern$SliceU.match(Ljava/util/regex/Matcher;ILjava/lang/CharSequence;)Z @ 18
Event: 1382.164 Thread 0x0000000020a7b800 Uncommon trap: reason=unstable_if action=reinterpret pc=0x0000000005e34944 method=com.android.tools.r8.dex.n.m()V @ 1414
Event: 1382.199 Thread 0x000000001eb83000 Uncommon trap: reason=unloaded action=reinterpret pc=0x0000000005ef4bb4 method=com.android.tools.r8.code.u1.a(Ljava/nio/ShortBuffer;IILcom/android/tools/r8/graph/I0;)[Lcom/android/tools/r8/code/t1; @ 1556
Event: 1382.790 Thread 0x0000000020a7b800 Uncommon trap: reason=array_check action=maybe_recompile pc=0x0000000004dde8ec method=java.util.TimSort.reverseRange([Ljava/lang/Object;II)V @ 27
Event: 1382.790 Thread 0x0000000020a7b800 Uncommon trap: reason=array_check action=maybe_recompile pc=0x0000000004dde8ec method=java.util.TimSort.reverseRange([Ljava/lang/Object;II)V @ 27
Event: 1383.336 Thread 0x000000001ac59800 Uncommon trap: reason=class_check action=maybe_recompile pc=0x00000000051c0fa8 method=com.sun.org.apache.xerces.internal.impl.XMLEntityManager.setProperty(Ljava/lang/String;Ljava/lang/Object;)V @ 102
Event: 1383.344 Thread 0x000000001ac59800 Uncommon trap: reason=unstable_if action=reinterpret pc=0x00000000048f7bd0 method=org.gradle.internal.snapshot.VfsRelativePath.lengthOfCommonPrefix(Ljava/lang/String;Lorg/gradle/internal/snapshot/CaseSensitivity;)I @ 117
Event: 1383.347 Thread 0x000000001ac59800 Uncommon trap: reason=null_check action=make_not_entrant pc=0x000000000597d7b4 method=org.gradle.api.internal.changedetection.state.StreamZipInput$1.computeNext()Lorg/gradle/api/internal/changedetection/state/ZipEntry; @ 32
Event: 1383.348 Thread 0x000000001ac59800 Uncommon trap: reason=class_check action=maybe_recompile pc=0x00000000059219e8 method=org.gradle.internal.fingerprint.classpath.impl.ClasspathFingerprintingStrategy$ClasspathContentFingerprintingVisitor.visitFile(Lorg/gradle/internal/snapshot/CompleteFile

Classes redefined (0 events):
No events

Internal exceptions (10 events):
Event: 1378.112 Thread 0x0000000020a7d800 Exception <a 'sun/nio/fs/WindowsException'> (0x00000000d5962820) thrown at [C:\src\AOSP-openjdk-git\hotspot\src\share\vm\prims\jni.cpp, line 710]
Event: 1378.115 Thread 0x0000000020a7d800 Exception <a 'sun/nio/fs/WindowsException'> (0x00000000d5969190) thrown at [C:\src\AOSP-openjdk-git\hotspot\src\share\vm\prims\jni.cpp, line 710]
Event: 1379.090 Thread 0x00000000202f5800 Exception <a 'java/lang/NoSuchMethodError': <clinit>> (0x00000000d69a74f0) thrown at [C:\src\AOSP-openjdk-git\hotspot\src\share\vm\prims\jni.cpp, line 1615]
Event: 1379.933 Thread 0x0000000020a7d800 Exception <a 'sun/nio/fs/WindowsException'> (0x00000000d7d8bb78) thrown at [C:\src\AOSP-openjdk-git\hotspot\src\share\vm\prims\jni.cpp, line 710]
Event: 1380.427 Thread 0x000000001eb84800 Implicit null exception at 0x0000000003c7ddef to 0x0000000003c7dee1
Event: 1381.503 Thread 0x000000001eb7d000 Implicit null exception at 0x000000000565124f to 0x00000000056513b1
Event: 1381.913 Thread 0x000000001eb7d000 Exception <a 'sun/nio/fs/WindowsException'> (0x00000000d8a51988) thrown at [C:\src\AOSP-openjdk-git\hotspot\src\share\vm\prims\jni.cpp, line 710]
Event: 1382.108 Thread 0x0000000020a7b800 Exception <a 'sun/nio/fs/WindowsException'> (0x00000000d8f2a588) thrown at [C:\src\AOSP-openjdk-git\hotspot\src\share\vm\prims\jni.cpp, line 710]
Event: 1383.245 Thread 0x000000001eb83000 Exception <a 'sun/nio/fs/WindowsException'> (0x00000000d9c2f2d0) thrown at [C:\src\AOSP-openjdk-git\hotspot\src\share\vm\prims\jni.cpp, line 710]
Event: 1383.347 Thread 0x000000001ac59800 Implicit null exception at 0x000000000597c3bf to 0x000000000597d7a9

Events (10 events):
Event: 1383.387 loading class org/gradle/internal/fingerprint/CurrentFileCollectionFingerprint
Event: 1383.387 loading class org/gradle/internal/fingerprint/CurrentFileCollectionFingerprint done
Event: 1383.387 loading class org/gradle/internal/fingerprint/CurrentFileCollectionFingerprint
Event: 1383.387 loading class org/gradle/internal/fingerprint/CurrentFileCollectionFingerprint done
Event: 1383.388 loading class org/gradle/internal/execution/history/changes/NonIncrementalInputChanges$RebuildFileChange
Event: 1383.388 loading class org/gradle/internal/execution/history/changes/NonIncrementalInputChanges$RebuildFileChange done
Event: 1383.389 loading class org/gradle/work/FileChange
Event: 1383.389 loading class org/gradle/work/FileChange done
Event: 1383.389 loading class org/gradle/internal/execution/history/changes/DefaultFileChange
Event: 1383.389 loading class org/gradle/internal/execution/history/changes/DefaultFileChange done


Dynamic libraries:
0x00007ff6f76b0000 - 0x00007ff6f76e1000 	C:\Program Files\Android\Android Studio\jre\bin\java.exe
0x00007ffa54390000 - 0x00007ffa54586000 	C:\WINDOWS\SYSTEM32\ntdll.dll
0x00007ffa2fc30000 - 0x00007ffa2fc42000 	C:\Program Files\AVAST Software\Avast\aswhook.dll
0x00007ffa53b60000 - 0x00007ffa53c1d000 	C:\WINDOWS\System32\KERNEL32.DLL
0x00007ffa51d60000 - 0x00007ffa52029000 	C:\WINDOWS\System32\KERNELBASE.dll
0x00007ffa52d10000 - 0x00007ffa52dbc000 	C:\WINDOWS\System32\ADVAPI32.dll
0x00007ffa53c20000 - 0x00007ffa53cbe000 	C:\WINDOWS\System32\msvcrt.dll
0x00007ffa52c70000 - 0x00007ffa52d0c000 	C:\WINDOWS\System32\sechost.dll
0x00007ffa523f0000 - 0x00007ffa5251b000 	C:\WINDOWS\System32\RPCRT4.dll
0x00007ffa53860000 - 0x00007ffa53a00000 	C:\WINDOWS\System32\USER32.dll
0x00007ffa52190000 - 0x00007ffa521b2000 	C:\WINDOWS\System32\win32u.dll
0x00007ffa53a00000 - 0x00007ffa53a2a000 	C:\WINDOWS\System32\GDI32.dll
0x00007ffa52030000 - 0x00007ffa5213b000 	C:\WINDOWS\System32\gdi32full.dll
0x00007ffa52350000 - 0x00007ffa523ed000 	C:\WINDOWS\System32\msvcp_win.dll
0x00007ffa51c60000 - 0x00007ffa51d60000 	C:\WINDOWS\System32\ucrtbase.dll
0x00007ffa3a2a0000 - 0x00007ffa3a53b000 	C:\WINDOWS\WinSxS\amd64_microsoft.windows.common-controls_6595b64144ccf1df_6.0.19041.746_none_ca02b4b61b8320a4\COMCTL32.dll
0x00007ffa54290000 - 0x00007ffa542c0000 	C:\WINDOWS\System32\IMM32.DLL
0x000000006bb80000 - 0x000000006bc52000 	C:\Program Files\Android\Android Studio\jre\jre\bin\msvcr100.dll
0x000000006a4b0000 - 0x000000006acfb000 	C:\Program Files\Android\Android Studio\jre\jre\bin\server\jvm.dll
0x00007ffa53120000 - 0x00007ffa53128000 	C:\WINDOWS\System32\PSAPI.DLL
0x00007ffa3fb00000 - 0x00007ffa3fb09000 	C:\WINDOWS\SYSTEM32\WSOCK32.dll
0x00007ffa53ff0000 - 0x00007ffa5405b000 	C:\WINDOWS\System32\WS2_32.dll
0x00007ffa41600000 - 0x00007ffa41627000 	C:\WINDOWS\SYSTEM32\WINMM.dll
0x00007ffa460b0000 - 0x00007ffa460ba000 	C:\WINDOWS\SYSTEM32\VERSION.dll
0x00007ffa44900000 - 0x00007ffa4490f000 	C:\Program Files\Android\Android Studio\jre\jre\bin\verify.dll
0x00007ffa37fc0000 - 0x00007ffa37fe9000 	C:\Program Files\Android\Android Studio\jre\jre\bin\java.dll
0x00007ffa37fa0000 - 0x00007ffa37fb6000 	C:\Program Files\Android\Android Studio\jre\jre\bin\zip.dll
0x00007ffa52520000 - 0x00007ffa52c62000 	C:\WINDOWS\System32\SHELL32.dll
0x00007ffa4fc20000 - 0x00007ffa503b0000 	C:\WINDOWS\SYSTEM32\windows.storage.dll
0x00007ffa52dc0000 - 0x00007ffa53116000 	C:\WINDOWS\System32\combase.dll
0x00007ffa514c0000 - 0x00007ffa514ec000 	C:\WINDOWS\SYSTEM32\Wldp.dll
0x00007ffa537b0000 - 0x00007ffa5385e000 	C:\WINDOWS\System32\SHCORE.dll
0x00007ffa53f90000 - 0x00007ffa53fe5000 	C:\WINDOWS\System32\shlwapi.dll
0x00007ffa51a00000 - 0x00007ffa51a26000 	C:\WINDOWS\SYSTEM32\profapi.dll
0x00007ffa37f40000 - 0x00007ffa37f5a000 	C:\Program Files\Android\Android Studio\jre\jre\bin\net.dll
0x00007ffa511e0000 - 0x00007ffa5124a000 	C:\WINDOWS\system32\mswsock.dll
0x00007ffa37e50000 - 0x00007ffa37e63000 	C:\Program Files\Android\Android Studio\jre\jre\bin\nio.dll
0x00007ffa44680000 - 0x00007ffa446a6000 	C:\Users\USER\.gradle\native\31\windows-amd64\native-platform.dll
0x00007ffa445f0000 - 0x00007ffa445fd000 	C:\Program Files\Android\Android Studio\jre\jre\bin\management.dll
0x00007ffa51410000 - 0x00007ffa51428000 	C:\WINDOWS\SYSTEM32\CRYPTSP.dll
0x00007ffa50b80000 - 0x00007ffa50bb4000 	C:\WINDOWS\system32\rsaenh.dll
0x00007ffa52320000 - 0x00007ffa52347000 	C:\WINDOWS\System32\bcrypt.dll
0x00007ffa519c0000 - 0x00007ffa519ee000 	C:\WINDOWS\SYSTEM32\USERENV.dll
0x00007ffa51be0000 - 0x00007ffa51c60000 	C:\WINDOWS\System32\bcryptprimitives.dll
0x00007ffa51430000 - 0x00007ffa5143c000 	C:\WINDOWS\SYSTEM32\CRYPTBASE.dll
0x00007ffa50ed0000 - 0x00007ffa50f0b000 	C:\WINDOWS\SYSTEM32\IPHLPAPI.DLL
0x00007ffa54340000 - 0x00007ffa54348000 	C:\WINDOWS\System32\NSI.dll
0x00007ffa45020000 - 0x00007ffa45037000 	C:\WINDOWS\SYSTEM32\dhcpcsvc6.DLL
0x00007ffa457c0000 - 0x00007ffa457dd000 	C:\WINDOWS\SYSTEM32\dhcpcsvc.DLL
0x00007ffa50f10000 - 0x00007ffa50fdb000 	C:\WINDOWS\SYSTEM32\DNSAPI.dll
0x00007ffa14850000 - 0x00007ffa149ec000 	C:\Program Files\Android\Android Studio\jre\jre\bin\awt.dll
0x00007ffa53ec0000 - 0x00007ffa53f8d000 	C:\WINDOWS\System32\OLEAUT32.dll
0x00007ffa4f660000 - 0x00007ffa4f68f000 	C:\WINDOWS\SYSTEM32\dwmapi.dll
0x00007ffa4d800000 - 0x00007ffa4ddc0000 	C:\WINDOWS\SYSTEM32\d2d1.dll
0x00007ffa4f4b0000 - 0x00007ffa4f540000 	C:\WINDOWS\SYSTEM32\apphelp.dll
0x00007ffa4f560000 - 0x00007ffa4f5fe000 	C:\WINDOWS\system32\uxtheme.dll

VM Arguments:
jvm_args: -Xmx2048m -Dfile.encoding=windows-1252 -Duser.country=US -Duser.language=en -Duser.variant 
java_command: org.gradle.launcher.daemon.bootstrap.GradleDaemon 6.1.1
java_class_path (initial): C:\Users\USER\.gradle\wrapper\dists\gradle-6.1.1-all\cfmwm155h49vnt3hynmlrsdst\gradle-6.1.1\lib\gradle-launcher-6.1.1.jar
Launcher Type: SUN_STANDARD

Environment Variables:
JAVA_HOME=C:\Program Files\Java\jdk-12.0.2
PATH=C:\Program Files\nodejs;C:\Program Files (x86)\Common Files\Oracle\Java\javapath;C:\Program Files (x86)\Common Files\Intel\Shared Files\cpp\bin\Intel64;C:\WINDOWS\system32;C:\WINDOWS;C:\WINDOWS\System32\Wbem;C:\WINDOWS\System32\WindowsPowerShell\v1.0\;C:\Program Files\Microsoft SQL Server\120\Tools\Binn\;C:\Program Files\Java\jdk1.8.0_172\bin;C:\Program Files\apache-ant-1.10.6\bin;C:\Users\USER\AppData\Local\Android\android-sdk\tools\bin;C:\Program Files (x86)\gradle\bin;C:\Users\USER\AppData\Local\Android\android-sdk\platform-tools;C:\Users\USER\AppData\Local\Android\android-sdk\tools;C:\Program Files\Git\bin;C:\WINDOWS\System32\OpenSSH\;C:\xampp\php;C:\ProgramData\ComposerSetup\bin;C:\Users\USER\AppData\Local\Programs\Python\Python37-32\Scripts\;C:\Users\USER\AppData\Local\Programs\Python\Python37-32\;C:\Users\USER\AppData\Local\atom\bin;C:\Users\USER\AppData\Roaming\npm;C:\Users\USER\AppData\Local\Programs\Microsoft VS Code\bin;C:\Users\USER\AppData\Local\Microsoft\WindowsApps;D:\Rabbani S F M\Coding\laravel\composer\bin;C:\Users\USER\AppData\Roaming\Composer\vendor\bin;
USERNAME=RabbaniSidiqFM
OS=Windows_NT
PROCESSOR_IDENTIFIER=Intel64 Family 6 Model 78 Stepping 3, GenuineIntel



---------------  S Y S T E M  ---------------

OS: Windows 10.0 , 64 bit Build 19041 (10.0.19041.804)

CPU:total 4 (initial active 4) (2 cores per cpu, 2 threads per core) family 6 model 78 stepping 3, cmov, cx8, fxsr, mmx, sse, sse2, sse3, ssse3, sse4.1, sse4.2, popcnt, avx, avx2, aes, clmul, erms, 3dnowpref, lzcnt, ht, tsc, tscinvbit, bmi1, bmi2, adx

Memory: 4k page, physical 4066020k(232320k free), swap 5491428k(5528k free)

vm_info: OpenJDK 64-Bit Server VM (25.242-b01) for windows-amd64 JRE (1.8.0_242-release-1644-b01), built by "builder" with MS VC++ 10.0 (VS2010)

time: Tue Feb 23 14:32:45 2021
timezone: SE Asia Standard Time
elapsed time: 1383 seconds (0d 0h 23m 3s)

