#
# There is insufficient memory for the Java Runtime Environment to continue.
# Native memory allocation (malloc) failed to allocate 288592 bytes for Chunk::new
# Possible reasons:
#   The system is out of physical RAM or swap space
#   The process is running with CompressedOops enabled, and the Java Heap may be blocking the growth of the native heap
# Possible solutions:
#   Reduce memory load on the system
#   Increase physical memory or swap space
#   Check if swap backing store is full
#   Decrease Java heap size (-Xmx/-Xms)
#   Decrease number of Java threads
#   Decrease Java thread stack sizes (-Xss)
#   Set larger code cache with -XX:ReservedCodeCacheSize=
#   JVM is running with Unscaled Compressed Oops mode in which the Java heap is
#     placed in the first 4GB address space. The Java Heap base address is the
#     maximum limit for the native heap growth. Please use -XX:HeapBaseMinAddress
#     to set the Java Heap base and to place the Java Heap above 4GB virtual address.
# This output file may be truncated or incomplete.
#
#  Out of Memory Error (allocation.cpp:389), pid=6788, tid=0x000000000000213c
#
# JRE version: OpenJDK Runtime Environment (8.0_242-b01) (build 1.8.0_242-release-1644-b01)
# Java VM: OpenJDK 64-Bit Server VM (25.242-b01 mixed mode windows-amd64 compressed oops)
# Failed to write core dump. Minidumps are not enabled by default on client versions of Windows
#

---------------  T H R E A D  ---------------

Current thread (0x0000000017829800):  JavaThread "C2 CompilerThread0" daemon [_thread_in_native, id=8508, stack(0x0000000018e80000,0x0000000018f80000)]

Stack: [0x0000000018e80000,0x0000000018f80000]
[error occurred during error reporting (printing stack bounds), id 0xc0000005]

Native frames: (J=compiled Java code, j=interpreted, Vv=VM code, C=native code)


Current CompileTask:
C2:8008202 21294       4       com.android.tools.r8.graph.H$j::a (58 bytes)


---------------  P R O C E S S  ---------------

Java Threads: ( => current thread )
  0x000000001ed79000 JavaThread "ForkJoinPool-5-worker-0" daemon [_thread_in_Java, id=3332, stack(0x000000002b020000,0x000000002b120000)]
  0x000000001ed78000 JavaThread "ForkJoinPool-5-worker-3" daemon [_thread_blocked, id=8788, stack(0x000000002af20000,0x000000002b020000)]
  0x000000001ed7f000 JavaThread "ForkJoinPool-5-worker-2" daemon [_thread_blocked, id=2656, stack(0x000000002ae20000,0x000000002af20000)]
  0x000000001ed75000 JavaThread "ForkJoinPool-5-worker-1" daemon [_thread_blocked, id=7468, stack(0x000000002ad20000,0x000000002ae20000)]
  0x000000001ed77800 JavaThread "ForkJoinPool.commonPool-worker-3" daemon [_thread_blocked, id=13136, stack(0x0000000027d30000,0x0000000027e30000)]
  0x000000001b0ca800 JavaThread "WorkerExecutor Queue Thread 5" [_thread_blocked, id=12372, stack(0x000000002a920000,0x000000002aa20000)]
  0x000000001b0c9800 JavaThread "WorkerExecutor Queue Thread 4" [_thread_blocked, id=8580, stack(0x000000002a820000,0x000000002a920000)]
  0x000000001b0c9000 JavaThread "WorkerExecutor Queue Thread 3" [_thread_blocked, id=7896, stack(0x000000002a720000,0x000000002a820000)]
  0x000000001b0cd800 JavaThread "Cache worker for Java compile cache (C:\Users\USER\AndroidStudioProjects\sqlliteulangan\.gradle\6.1.1\javaCompile)" [_thread_blocked, id=6128, stack(0x000000002a620000,0x000000002a720000)]
  0x000000001b0cc000 JavaThread "stdout" [_thread_in_native, id=1612, stack(0x000000002a520000,0x000000002a620000)]
  0x000000001b0be800 JavaThread "stderr" [_thread_in_native, id=11336, stack(0x0000000027f30000,0x0000000028030000)]
  0x000000001b0c4800 JavaThread "pool-15-thread-1" [_thread_blocked, id=8304, stack(0x0000000027e30000,0x0000000027f30000)]
  0x000000001b0c3000 JavaThread "WorkerExecutor Queue" [_thread_blocked, id=12952, stack(0x0000000027c30000,0x0000000027d30000)]
  0x000000001b0c2000 JavaThread "Cache worker for execution history cache (C:\Users\USER\AndroidStudioProjects\sqlliteulangan\.gradle\6.1.1\executionHistory)" [_thread_blocked, id=8960, stack(0x0000000027130000,0x0000000027230000)]
  0x000000001b0bf000 JavaThread "Execution worker for ':' Thread 3" [_thread_blocked, id=11144, stack(0x0000000026a30000,0x0000000026b30000)]
  0x000000001b0c0800 JavaThread "Execution worker for ':' Thread 2" [_thread_blocked, id=7008, stack(0x0000000026810000,0x0000000026910000)]
  0x0000000020a09800 JavaThread "Execution worker for ':'" [_thread_blocked, id=5128, stack(0x0000000026430000,0x0000000026530000)]
  0x0000000020a09000 JavaThread "Cache worker for file content cache (C:\Users\USER\AndroidStudioProjects\sqlliteulangan\.gradle\6.1.1\fileContent)" [_thread_blocked, id=6000, stack(0x0000000025a80000,0x0000000025b80000)]
  0x0000000020a01800 JavaThread "Cache worker for Build Output Cleanup Cache (C:\Users\USER\AndroidStudioProjects\sqlliteulangan\.gradle\buildOutputCleanup)" [_thread_blocked, id=9436, stack(0x0000000025320000,0x0000000025420000)]
  0x0000000020a08000 JavaThread "Build operations Thread 4" [_thread_blocked, id=4164, stack(0x0000000025220000,0x0000000025320000)]
  0x0000000020a07800 JavaThread "Build operations Thread 3" [_thread_blocked, id=8688, stack(0x0000000024f20000,0x0000000025020000)]
  0x0000000020a06800 JavaThread "Build operations Thread 2" [_thread_blocked, id=11156, stack(0x0000000024770000,0x0000000024870000)]
  0x00000000209ff000 JavaThread "Build operations" [_thread_blocked, id=12452, stack(0x00000000223d0000,0x00000000224d0000)]
  0x0000000020a06000 JavaThread "Cache worker for cache directory md-rule (C:\Users\USER\.gradle\caches\6.1.1\md-rule)" [_thread_blocked, id=4940, stack(0x00000000211d0000,0x00000000212d0000)]
  0x00000000209fe800 JavaThread "Cache worker for cache directory md-supplier (C:\Users\USER\.gradle\caches\6.1.1\md-supplier)" [_thread_blocked, id=9596, stack(0x0000000020e00000,0x0000000020f00000)]
  0x0000000020a05000 JavaThread "Cache worker for file hash cache (C:\Users\USER\AndroidStudioProjects\sqlliteulangan\.gradle\6.1.1\fileHashes)" [_thread_blocked, id=6636, stack(0x0000000020d00000,0x0000000020e00000)]
  0x0000000020a00000 JavaThread "Cache worker for checksums cache (C:\Users\USER\AndroidStudioProjects\sqlliteulangan\.gradle\checksums)" [_thread_blocked, id=1376, stack(0x000000001e9c0000,0x000000001eac0000)]
  0x0000000020a04800 JavaThread "Thread-143" [_thread_blocked, id=8124, stack(0x000000001d0f0000,0x000000001d1f0000)]
  0x00000000209fc000 JavaThread "Stdin handler" [_thread_blocked, id=13008, stack(0x000000001cff0000,0x000000001d0f0000)]
  0x0000000020a03000 JavaThread "Asynchronous log dispatcher for DefaultDaemonConnection: socket connection from /127.0.0.1:2966 to /127.0.0.1:3717" [_thread_blocked, id=12484, stack(0x000000001cef0000,0x000000001cff0000)]
  0x0000000020a00800 JavaThread "Daemon worker Thread 6" [_thread_blocked, id=7484, stack(0x000000001cdf0000,0x000000001cef0000)]
  0x00000000209fb800 JavaThread "Cancel handler" [_thread_blocked, id=5492, stack(0x000000001ccf0000,0x000000001cdf0000)]
  0x00000000209fd000 JavaThread "Handler for socket connection from /127.0.0.1:2966 to /127.0.0.1:3717" [_thread_in_native, id=2524, stack(0x000000001c9f0000,0x000000001caf0000)]
  0x0000000020a02000 JavaThread "Daemon Thread 6" [_thread_blocked, id=12968, stack(0x000000001c8f0000,0x000000001c9f0000)]
  0x00000000209fa800 JavaThread "MarlinRenderer Disposer" daemon [_thread_blocked, id=10648, stack(0x00000000281c0000,0x00000000282c0000)]
  0x00000000209fd800 JavaThread "Java2D Disposer" daemon [_thread_blocked, id=12708, stack(0x0000000028030000,0x0000000028130000)]
  0x000000001aff6800 JavaThread "Cache worker for Java compile cache (C:\Users\USER\.gradle\caches\6.1.1\javaCompile)" [_thread_blocked, id=2492, stack(0x0000000026930000,0x0000000026a30000)]
  0x000000001ed7e000 JavaThread "Cache worker for file content cache (C:\Users\USER\.gradle\caches\6.1.1\fileContent)" [_thread_blocked, id=9212, stack(0x0000000024670000,0x0000000024770000)]
  0x000000001ed7a800 JavaThread "Memory manager" [_thread_blocked, id=4952, stack(0x0000000024570000,0x0000000024670000)]
  0x000000001aff2800 JavaThread "Cache worker for execution history cache (C:\Users\USER\.gradle\caches\6.1.1\executionHistory)" [_thread_blocked, id=7672, stack(0x00000000212d0000,0x00000000213d0000)]
  0x000000001aff4000 JavaThread "Cache worker for file hash cache (C:\Users\USER\.gradle\caches\6.1.1\fileHashes)" [_thread_blocked, id=11416, stack(0x000000001d5f0000,0x000000001d6f0000)]
  0x000000001afef800 JavaThread "File lock request listener" [_thread_in_native, id=1776, stack(0x000000001d4f0000,0x000000001d5f0000)]
  0x000000001aba1800 JavaThread "Cache worker for journal cache (C:\Users\USER\.gradle\caches\journal-1)" [_thread_blocked, id=12432, stack(0x000000001d3f0000,0x000000001d4f0000)]
  0x000000001b6a0000 JavaThread "Daemon periodic checks" [_thread_blocked, id=6596, stack(0x000000001c7f0000,0x000000001c8f0000)]
  0x000000001b69e800 JavaThread "Incoming local TCP Connector on port 2966" [_thread_in_native, id=4916, stack(0x0000000019880000,0x0000000019980000)]
  0x000000001b637000 JavaThread "Daemon health stats" [_thread_blocked, id=13128, stack(0x0000000019780000,0x0000000019880000)]
  0x00000000191b8800 JavaThread "Service Thread" daemon [_thread_blocked, id=3924, stack(0x0000000019580000,0x0000000019680000)]
  0x000000001783b000 JavaThread "C1 CompilerThread2" daemon [_thread_blocked, id=1436, stack(0x0000000019080000,0x0000000019180000)]
  0x000000001782c000 JavaThread "C2 CompilerThread1" daemon [_thread_in_native, id=3160, stack(0x0000000018f80000,0x0000000019080000)]
=>0x0000000017829800 JavaThread "C2 CompilerThread0" daemon [_thread_in_native, id=8508, stack(0x0000000018e80000,0x0000000018f80000)]
  0x0000000017828000 JavaThread "Attach Listener" daemon [_thread_blocked, id=8520, stack(0x0000000018d80000,0x0000000018e80000)]
  0x0000000017827000 JavaThread "Signal Dispatcher" daemon [_thread_blocked, id=2632, stack(0x0000000018c80000,0x0000000018d80000)]
  0x0000000002bfd000 JavaThread "Finalizer" daemon [_thread_blocked, id=12192, stack(0x0000000018a80000,0x0000000018b80000)]
  0x0000000017809000 JavaThread "Reference Handler" daemon [_thread_blocked, id=4664, stack(0x0000000018980000,0x0000000018a80000)]
  0x000000000113e000 JavaThread "main" [_thread_blocked, id=2944, stack(0x0000000002a00000,0x0000000002b00000)]

Other Threads:
  0x00000000177e7800 VMThread [stack: 0x0000000018880000,0x0000000018980000] [id=9988]
  0x000000001787b800 WatcherThread [stack: 0x0000000019680000,0x0000000019780000] [id=12060]

VM state:not at safepoint (normal execution)

VM Mutex/Monitor currently owned by a thread: None

heap address: 0x0000000080000000, size: 2048 MB, Compressed Oops mode: 32-bit
Narrow klass base: 0x0000000000000000, Narrow klass shift: 3
Compressed class space size: 1073741824 Address: 0x0000000100000000

Heap:
 PSYoungGen      total 408064K, used 46765K [0x00000000d5580000, 0x00000000f5980000, 0x0000000100000000)
  eden space 376320K, 3% used [0x00000000d5580000,0x00000000d642eda8,0x00000000ec500000)
  from space 31744K, 99% used [0x00000000ec500000,0x00000000ee3fc888,0x00000000ee400000)
  to   space 48640K, 0% used [0x00000000f2a00000,0x00000000f2a00000,0x00000000f5980000)
 ParOldGen       total 99840K, used 76108K [0x0000000080000000, 0x0000000086180000, 0x00000000d5580000)
  object space 99840K, 76% used [0x0000000080000000,0x0000000084a53008,0x0000000086180000)
 Metaspace       used 107070K, capacity 112778K, committed 112816K, reserved 1146880K
  class space    used 13873K, capacity 15002K, committed 15024K, reserved 1048576K

Card table byte_map: [0x0000000011fc0000,0x00000000123d0000] byte_map_base: 0x0000000011bc0000

Marking Bits: (ParMarkBitMap*) 0x000000006ac7f030
 Begin Bits: [0x0000000012a80000, 0x0000000014a80000)
 End Bits:   [0x0000000014a80000, 0x0000000016a80000)

Polling page: 0x0000000000fe0000

CodeCache: size=245760Kb used=60690Kb max_used=60690Kb free=185069Kb
 bounds [0x0000000002c00000, 0x00000000067b0000, 0x0000000011c00000]
 total_blobs=18289 nmethods=17266 adapters=935
 compilation: enabled

Compilation events (10 events):
Event: 8008.099 Thread 0x000000001783b000 21341       3       com.android.tools.r8.code.j0::a (17 bytes)
Event: 8008.099 Thread 0x000000001783b000 nmethod 21341 0x0000000003510350 code [0x00000000035104c0, 0x0000000003510828]
Event: 8008.101 Thread 0x000000001783b000 21342       3       com.android.tools.r8.code.V1::i (8 bytes)
Event: 8008.102 Thread 0x000000001783b000 nmethod 21342 0x000000000350fed0 code [0x0000000003510040, 0x0000000003510290]
Event: 8008.107 Thread 0x000000001783b000 21343       1       com.android.tools.r8.code.m2::m (2 bytes)
Event: 8008.107 Thread 0x000000001783b000 nmethod 21343 0x000000000350fc10 code [0x000000000350fd60, 0x000000000350fe70]
Event: 8008.107 Thread 0x000000001783b000 21344       1       com.android.tools.r8.code.N2::m (3 bytes)
Event: 8008.108 Thread 0x000000001783b000 nmethod 21344 0x000000000350f950 code [0x000000000350faa0, 0x000000000350fbb0]
Event: 8008.111 Thread 0x000000001783b000 21346       1       com.android.tools.r8.code.v2::m (4 bytes)
Event: 8008.111 Thread 0x000000001783b000 nmethod 21346 0x000000000350f690 code [0x000000000350f7e0, 0x000000000350f8f0]

GC Heap History (10 events):
Event: 2408.323 GC heap before
{Heap before GC invocations=19 (full 3):
 PSYoungGen      total 351744K, used 111864K [0x00000000d5580000, 0x00000000f1180000, 0x0000000100000000)
  eden space 327168K, 26% used [0x00000000d5580000,0x00000000daaeb558,0x00000000e9500000)
  from space 24576K, 99% used [0x00000000e9500000,0x00000000eacd2d30,0x00000000ead00000)
  to   space 28672K, 0% used [0x00000000ef580000,0x00000000ef580000,0x00000000f1180000)
 ParOldGen       total 75776K, used 53118K [0x0000000080000000, 0x0000000084a00000, 0x00000000d5580000)
  object space 75776K, 70% used [0x0000000080000000,0x00000000833df808,0x0000000084a00000)
 Metaspace       used 93236K, capacity 98400K, committed 98600K, reserved 1134592K
  class space    used 12416K, capacity 13378K, committed 13488K, reserved 1048576K
Event: 2408.416 GC heap after
Heap after GC invocations=19 (full 3):
 PSYoungGen      total 327168K, used 14676K [0x00000000d5580000, 0x00000000f0400000, 0x0000000100000000)
  eden space 312320K, 0% used [0x00000000d5580000,0x00000000d5580000,0x00000000e8680000)
  from space 14848K, 98% used [0x00000000ef580000,0x00000000f03d5090,0x00000000f0400000)
  to   space 28160K, 0% used [0x00000000ecd00000,0x00000000ecd00000,0x00000000ee880000)
 ParOldGen       total 75776K, used 53126K [0x0000000080000000, 0x0000000084a00000, 0x00000000d5580000)
  object space 75776K, 70% used [0x0000000080000000,0x00000000833e1808,0x0000000084a00000)
 Metaspace       used 93236K, capacity 98400K, committed 98600K, reserved 1134592K
  class space    used 12416K, capacity 13378K, committed 13488K, reserved 1048576K
}
Event: 2408.453 GC heap before
{Heap before GC invocations=20 (full 4):
 PSYoungGen      total 327168K, used 14676K [0x00000000d5580000, 0x00000000f0400000, 0x0000000100000000)
  eden space 312320K, 0% used [0x00000000d5580000,0x00000000d5580000,0x00000000e8680000)
  from space 14848K, 98% used [0x00000000ef580000,0x00000000f03d5090,0x00000000f0400000)
  to   space 28160K, 0% used [0x00000000ecd00000,0x00000000ecd00000,0x00000000ee880000)
 ParOldGen       total 75776K, used 53126K [0x0000000080000000, 0x0000000084a00000, 0x00000000d5580000)
  object space 75776K, 70% used [0x0000000080000000,0x00000000833e1808,0x0000000084a00000)
 Metaspace       used 93236K, capacity 98400K, committed 98600K, reserved 1134592K
  class space    used 12416K, capacity 13378K, committed 13488K, reserved 1048576K
Event: 2409.052 GC heap after
Heap after GC invocations=20 (full 4):
 PSYoungGen      total 327168K, used 0K [0x00000000d5580000, 0x00000000f0400000, 0x0000000100000000)
  eden space 312320K, 0% used [0x00000000d5580000,0x00000000d5580000,0x00000000e8680000)
  from space 14848K, 0% used [0x00000000ef580000,0x00000000ef580000,0x00000000f0400000)
  to   space 28160K, 0% used [0x00000000ecd00000,0x00000000ecd00000,0x00000000ee880000)
 ParOldGen       total 99840K, used 41652K [0x0000000080000000, 0x0000000086180000, 0x00000000d5580000)
  object space 99840K, 41% used [0x0000000080000000,0x00000000828ad160,0x0000000086180000)
 Metaspace       used 92568K, capacity 96856K, committed 98600K, reserved 1134592K
  class space    used 12239K, capacity 13060K, committed 13488K, reserved 1048576K
}
Event: 5495.797 GC heap before
{Heap before GC invocations=21 (full 4):
 PSYoungGen      total 327168K, used 312320K [0x00000000d5580000, 0x00000000f0400000, 0x0000000100000000)
  eden space 312320K, 100% used [0x00000000d5580000,0x00000000e8680000,0x00000000e8680000)
  from space 14848K, 0% used [0x00000000ef580000,0x00000000ef580000,0x00000000f0400000)
  to   space 28160K, 0% used [0x00000000ecd00000,0x00000000ecd00000,0x00000000ee880000)
 ParOldGen       total 99840K, used 41652K [0x0000000080000000, 0x0000000086180000, 0x00000000d5580000)
  object space 99840K, 41% used [0x0000000080000000,0x00000000828ad160,0x0000000086180000)
 Metaspace       used 100621K, capacity 105812K, committed 106416K, reserved 1140736K
  class space    used 13285K, capacity 14323K, committed 14512K, reserved 1048576K
Event: 5497.030 GC heap after
Heap after GC invocations=21 (full 4):
 PSYoungGen      total 374784K, used 23097K [0x00000000d5580000, 0x00000000ef600000, 0x0000000100000000)
  eden space 351232K, 0% used [0x00000000d5580000,0x00000000d5580000,0x00000000eac80000)
  from space 23552K, 98% used [0x00000000ecd00000,0x00000000ee38e520,0x00000000ee400000)
  to   space 18432K, 0% used [0x00000000ee400000,0x00000000ee400000,0x00000000ef600000)
 ParOldGen       total 99840K, used 41660K [0x0000000080000000, 0x0000000086180000, 0x00000000d5580000)
  object space 99840K, 41% used [0x0000000080000000,0x00000000828af160,0x0000000086180000)
 Metaspace       used 100621K, capacity 105812K, committed 106416K, reserved 1140736K
  class space    used 13285K, capacity 14323K, committed 14512K, reserved 1048576K
}
Event: 7975.727 GC heap before
{Heap before GC invocations=22 (full 4):
 PSYoungGen      total 374784K, used 374329K [0x00000000d5580000, 0x00000000ef600000, 0x0000000100000000)
  eden space 351232K, 100% used [0x00000000d5580000,0x00000000eac80000,0x00000000eac80000)
  from space 23552K, 98% used [0x00000000ecd00000,0x00000000ee38e520,0x00000000ee400000)
  to   space 18432K, 0% used [0x00000000ee400000,0x00000000ee400000,0x00000000ef600000)
 ParOldGen       total 99840K, used 41660K [0x0000000080000000, 0x0000000086180000, 0x00000000d5580000)
  object space 99840K, 41% used [0x0000000080000000,0x00000000828af160,0x0000000086180000)
 Metaspace       used 104534K, capacity 110060K, committed 110384K, reserved 1144832K
  class space    used 13668K, capacity 14795K, committed 14896K, reserved 1048576K
Event: 7976.690 GC heap after
Heap after GC invocations=22 (full 4):
 PSYoungGen      total 394752K, used 18430K [0x00000000d5580000, 0x00000000f0d80000, 0x0000000100000000)
  eden space 376320K, 0% used [0x00000000d5580000,0x00000000d5580000,0x00000000ec500000)
  from space 18432K, 99% used [0x00000000ee400000,0x00000000ef5ffad8,0x00000000ef600000)
  to   space 31744K, 0% used [0x00000000ec500000,0x00000000ec500000,0x00000000ee400000)
 ParOldGen       total 99840K, used 43893K [0x0000000080000000, 0x0000000086180000, 0x00000000d5580000)
  object space 99840K, 43% used [0x0000000080000000,0x0000000082add7b8,0x0000000086180000)
 Metaspace       used 104534K, capacity 110060K, committed 110384K, reserved 1144832K
  class space    used 13668K, capacity 14795K, committed 14896K, reserved 1048576K
}
Event: 8007.067 GC heap before
{Heap before GC invocations=23 (full 4):
 PSYoungGen      total 394752K, used 394750K [0x00000000d5580000, 0x00000000f0d80000, 0x0000000100000000)
  eden space 376320K, 100% used [0x00000000d5580000,0x00000000ec500000,0x00000000ec500000)
  from space 18432K, 99% used [0x00000000ee400000,0x00000000ef5ffad8,0x00000000ef600000)
  to   space 31744K, 0% used [0x00000000ec500000,0x00000000ec500000,0x00000000ee400000)
 ParOldGen       total 99840K, used 43893K [0x0000000080000000, 0x0000000086180000, 0x00000000d5580000)
  object space 99840K, 43% used [0x0000000080000000,0x0000000082add7b8,0x0000000086180000)
 Metaspace       used 107060K, capacity 112778K, committed 112816K, reserved 1146880K
  class space    used 13873K, capacity 15002K, committed 15024K, reserved 1048576K
Event: 8007.643 GC heap after
Heap after GC invocations=23 (full 4):
 PSYoungGen      total 408064K, used 31730K [0x00000000d5580000, 0x00000000f5980000, 0x0000000100000000)
  eden space 376320K, 0% used [0x00000000d5580000,0x00000000d5580000,0x00000000ec500000)
  from space 31744K, 99% used [0x00000000ec500000,0x00000000ee3fc888,0x00000000ee400000)
  to   space 48640K, 0% used [0x00000000f2a00000,0x00000000f2a00000,0x00000000f5980000)
 ParOldGen       total 99840K, used 76108K [0x0000000080000000, 0x0000000086180000, 0x00000000d5580000)
  object space 99840K, 76% used [0x0000000080000000,0x0000000084a53008,0x0000000086180000)
 Metaspace       used 107060K, capacity 112778K, committed 112816K, reserved 1146880K
  class space    used 13873K, capacity 15002K, committed 15024K, reserved 1048576K
}

Deoptimization events (10 events):
Event: 8002.181 Thread 0x000000001b0c3000 Uncommon trap: reason=class_check action=maybe_recompile pc=0x00000000065bce90 method=com.android.tools.build.apkzlib.zip.CentralDirectoryHeader.getCompressionInfoWithWait()Lcom/android/tools/build/apkzlib/zip/CentralDirectoryHeaderCompressInfo; @ 4
Event: 8002.287 Thread 0x000000001b0c3000 Uncommon trap: reason=class_check action=maybe_recompile pc=0x00000000065bce90 method=com.android.tools.build.apkzlib.zip.CentralDirectoryHeader.getCompressionInfoWithWait()Lcom/android/tools/build/apkzlib/zip/CentralDirectoryHeaderCompressInfo; @ 4
Event: 8002.313 Thread 0x000000001b0c3000 Uncommon trap: reason=class_check action=maybe_recompile pc=0x00000000065bce90 method=com.android.tools.build.apkzlib.zip.CentralDirectoryHeader.getCompressionInfoWithWait()Lcom/android/tools/build/apkzlib/zip/CentralDirectoryHeaderCompressInfo; @ 4
Event: 8002.553 Thread 0x000000001b0ca800 Uncommon trap: reason=unstable_if action=reinterpret pc=0x0000000006609898 method=sun.nio.fs.WindowsPath.compareTo(Ljava/nio/file/Path;)I @ 76
Event: 8002.643 Thread 0x000000001ed7f000 Uncommon trap: reason=unstable_if action=reinterpret pc=0x0000000003b37750 method=java.util.concurrent.ConcurrentLinkedQueue.offer(Ljava/lang/Object;)Z @ 40
Event: 8002.643 Thread 0x000000001ed79000 Uncommon trap: reason=unloaded action=reinterpret pc=0x0000000005333b50 method=com.android.tools.r8.code.u1.a(Ljava/nio/ShortBuffer;IILcom/android/tools/r8/graph/I0;)[Lcom/android/tools/r8/code/t1; @ 3058
Event: 8003.587 Thread 0x000000001b0c3000 Uncommon trap: reason=unstable_if action=reinterpret pc=0x000000000496fe10 method=java.io.ObjectOutputStream$BlockDataOutputStream.writeShort(I)V @ 9
Event: 8003.587 Thread 0x000000001b0c3000 Uncommon trap: reason=bimorphic action=maybe_recompile pc=0x000000000320cde8 method=java.io.DataOutputStream.writeShort(I)V @ 12
Event: 8004.029 Thread 0x0000000020a05000 Uncommon trap: reason=bimorphic action=maybe_recompile pc=0x000000000320cde8 method=java.io.DataOutputStream.writeShort(I)V @ 12
Event: 8004.322 Thread 0x000000001ed79000 Uncommon trap: reason=unstable_if action=reinterpret pc=0x0000000005388c14 method=com.android.tools.r8.dex.t.a(Lcom/android/tools/r8/graph/x;)Z @ 10

Classes redefined (0 events):
No events

Internal exceptions (10 events):
Event: 7998.338 Thread 0x000000001b0c9000 Exception <a 'sun/nio/fs/WindowsException'> (0x00000000e0892238) thrown at [C:\src\AOSP-openjdk-git\hotspot\src\share\vm\prims\jni.cpp, line 710]
Event: 7998.511 Thread 0x000000001b0c9000 Exception <a 'sun/nio/fs/WindowsException'> (0x00000000e08da618) thrown at [C:\src\AOSP-openjdk-git\hotspot\src\share\vm\prims\jni.cpp, line 710]
Event: 7998.515 Thread 0x000000001b0c9000 Exception <a 'sun/nio/fs/WindowsException'> (0x00000000e09224d8) thrown at [C:\src\AOSP-openjdk-git\hotspot\src\share\vm\prims\jni.cpp, line 710]
Event: 7998.878 Thread 0x000000001b0c9000 Exception <a 'sun/nio/fs/WindowsException'> (0x00000000e092a308) thrown at [C:\src\AOSP-openjdk-git\hotspot\src\share\vm\prims\jni.cpp, line 710]
Event: 7998.880 Thread 0x000000001b0c9000 Exception <a 'sun/nio/fs/WindowsException'> (0x00000000e0930748) thrown at [C:\src\AOSP-openjdk-git\hotspot\src\share\vm\prims\jni.cpp, line 710]
Event: 7998.882 Thread 0x000000001b0c9000 Exception <a 'sun/nio/fs/WindowsException'> (0x00000000e0936dc0) thrown at [C:\src\AOSP-openjdk-git\hotspot\src\share\vm\prims\jni.cpp, line 710]
Event: 7998.885 Thread 0x000000001b0c9000 Exception <a 'sun/nio/fs/WindowsException'> (0x00000000e09437a0) thrown at [C:\src\AOSP-openjdk-git\hotspot\src\share\vm\prims\jni.cpp, line 710]
Event: 7998.889 Thread 0x000000001b0c9000 Exception <a 'sun/nio/fs/WindowsException'> (0x00000000e0949900) thrown at [C:\src\AOSP-openjdk-git\hotspot\src\share\vm\prims\jni.cpp, line 710]
Event: 7998.937 Thread 0x000000001b0c9000 Exception <a 'sun/nio/fs/WindowsException'> (0x00000000e09560a0) thrown at [C:\src\AOSP-openjdk-git\hotspot\src\share\vm\prims\jni.cpp, line 710]
Event: 8001.660 Thread 0x000000001b0c9800 Exception <a 'sun/nio/fs/WindowsException'> (0x00000000e2abb440) thrown at [C:\src\AOSP-openjdk-git\hotspot\src\share\vm\prims\jni.cpp, line 710]

Events (10 events):
Event: 8004.732 Thread 0x000000001ed79000 DEOPT UNPACKING pc=0x0000000002c475d0 sp=0x000000002b11e8e0 mode 0
Event: 8004.736 Thread 0x000000001ed79000 DEOPT PACKING pc=0x000000000655a78d sp=0x000000002b11eaf0
Event: 8004.736 Thread 0x000000001ed79000 DEOPT UNPACKING pc=0x0000000002c475d0 sp=0x000000002b11e8e0 mode 0
Event: 8004.809 Thread 0x000000001ed79000 DEOPT PACKING pc=0x000000000655a78d sp=0x000000002b11ea00
Event: 8004.810 Thread 0x000000001ed79000 DEOPT UNPACKING pc=0x0000000002c475d0 sp=0x000000002b11e7f0 mode 0
Event: 8006.034 Executing VM operation: RevokeBias
Event: 8006.081 Executing VM operation: RevokeBias done
Event: 8006.081 Thread 0x000000001ed7c000 Thread exited: 0x000000001ed7c000
Event: 8007.067 Executing VM operation: ParallelGCFailedAllocation
Event: 8007.643 Executing VM operation: ParallelGCFailedAllocation done


Dynamic libraries:
0x00007ff6f76b0000 - 0x00007ff6f76e1000 	C:\Program Files\Android\Android Studio\jre\bin\java.exe
0x00007ffa54390000 - 0x00007ffa54586000 	C:\WINDOWS\SYSTEM32\ntdll.dll
0x00007ffa2fc30000 - 0x00007ffa2fc42000 	C:\Program Files\AVAST Software\Avast\aswhook.dll
0x00007ffa53b60000 - 0x00007ffa53c1d000 	C:\WINDOWS\System32\KERNEL32.DLL
0x00007ffa51d60000 - 0x00007ffa52029000 	C:\WINDOWS\System32\KERNELBASE.dll
0x00007ffa52d10000 - 0x00007ffa52dbc000 	C:\WINDOWS\System32\ADVAPI32.dll
0x00007ffa53c20000 - 0x00007ffa53cbe000 	C:\WINDOWS\System32\msvcrt.dll
0x00007ffa52c70000 - 0x00007ffa52d0c000 	C:\WINDOWS\System32\sechost.dll
0x00007ffa523f0000 - 0x00007ffa5251b000 	C:\WINDOWS\System32\RPCRT4.dll
0x00007ffa53860000 - 0x00007ffa53a00000 	C:\WINDOWS\System32\USER32.dll
0x00007ffa52190000 - 0x00007ffa521b2000 	C:\WINDOWS\System32\win32u.dll
0x00007ffa53a00000 - 0x00007ffa53a2a000 	C:\WINDOWS\System32\GDI32.dll
0x00007ffa52030000 - 0x00007ffa5213b000 	C:\WINDOWS\System32\gdi32full.dll
0x00007ffa52350000 - 0x00007ffa523ed000 	C:\WINDOWS\System32\msvcp_win.dll
0x00007ffa51c60000 - 0x00007ffa51d60000 	C:\WINDOWS\System32\ucrtbase.dll
0x00007ffa3a2a0000 - 0x00007ffa3a53b000 	C:\WINDOWS\WinSxS\amd64_microsoft.windows.common-controls_6595b64144ccf1df_6.0.19041.746_none_ca02b4b61b8320a4\COMCTL32.dll
0x00007ffa54290000 - 0x00007ffa542c0000 	C:\WINDOWS\System32\IMM32.DLL
0x000000006bb80000 - 0x000000006bc52000 	C:\Program Files\Android\Android Studio\jre\jre\bin\msvcr100.dll
0x000000006a4b0000 - 0x000000006acfb000 	C:\Program Files\Android\Android Studio\jre\jre\bin\server\jvm.dll
0x00007ffa53120000 - 0x00007ffa53128000 	C:\WINDOWS\System32\PSAPI.DLL
0x00007ffa3fb00000 - 0x00007ffa3fb09000 	C:\WINDOWS\SYSTEM32\WSOCK32.dll
0x00007ffa53ff0000 - 0x00007ffa5405b000 	C:\WINDOWS\System32\WS2_32.dll
0x00007ffa41600000 - 0x00007ffa41627000 	C:\WINDOWS\SYSTEM32\WINMM.dll
0x00007ffa460b0000 - 0x00007ffa460ba000 	C:\WINDOWS\SYSTEM32\VERSION.dll
0x00007ffa4f1f0000 - 0x00007ffa4f1ff000 	C:\Program Files\Android\Android Studio\jre\jre\bin\verify.dll
0x00007ffa44a10000 - 0x00007ffa44a39000 	C:\Program Files\Android\Android Studio\jre\jre\bin\java.dll
0x00007ffa44660000 - 0x00007ffa44676000 	C:\Program Files\Android\Android Studio\jre\jre\bin\zip.dll
0x00007ffa52520000 - 0x00007ffa52c62000 	C:\WINDOWS\System32\SHELL32.dll
0x00007ffa4fc20000 - 0x00007ffa503b0000 	C:\WINDOWS\SYSTEM32\windows.storage.dll
0x00007ffa52dc0000 - 0x00007ffa53116000 	C:\WINDOWS\System32\combase.dll
0x00007ffa514c0000 - 0x00007ffa514ec000 	C:\WINDOWS\SYSTEM32\Wldp.dll
0x00007ffa537b0000 - 0x00007ffa5385e000 	C:\WINDOWS\System32\SHCORE.dll
0x00007ffa53f90000 - 0x00007ffa53fe5000 	C:\WINDOWS\System32\shlwapi.dll
0x00007ffa51a00000 - 0x00007ffa51a26000 	C:\WINDOWS\SYSTEM32\profapi.dll
0x00007ffa44040000 - 0x00007ffa4405a000 	C:\Program Files\Android\Android Studio\jre\jre\bin\net.dll
0x00007ffa511e0000 - 0x00007ffa5124a000 	C:\WINDOWS\system32\mswsock.dll
0x00007ffa448b0000 - 0x00007ffa448c3000 	C:\Program Files\Android\Android Studio\jre\jre\bin\nio.dll
0x00007ffa448e0000 - 0x00007ffa44906000 	C:\Users\USER\.gradle\native\31\windows-amd64\native-platform.dll
0x00007ffa46d70000 - 0x00007ffa46d7d000 	C:\Program Files\Android\Android Studio\jre\jre\bin\management.dll
0x00007ffa51410000 - 0x00007ffa51428000 	C:\WINDOWS\SYSTEM32\CRYPTSP.dll
0x00007ffa50b80000 - 0x00007ffa50bb4000 	C:\WINDOWS\system32\rsaenh.dll
0x00007ffa52320000 - 0x00007ffa52347000 	C:\WINDOWS\System32\bcrypt.dll
0x00007ffa519c0000 - 0x00007ffa519ee000 	C:\WINDOWS\SYSTEM32\USERENV.dll
0x00007ffa51be0000 - 0x00007ffa51c60000 	C:\WINDOWS\System32\bcryptprimitives.dll
0x00007ffa51430000 - 0x00007ffa5143c000 	C:\WINDOWS\SYSTEM32\CRYPTBASE.dll
0x00007ffa50ed0000 - 0x00007ffa50f0b000 	C:\WINDOWS\SYSTEM32\IPHLPAPI.DLL
0x00007ffa54340000 - 0x00007ffa54348000 	C:\WINDOWS\System32\NSI.dll
0x00007ffa45020000 - 0x00007ffa45037000 	C:\WINDOWS\SYSTEM32\dhcpcsvc6.DLL
0x00007ffa457c0000 - 0x00007ffa457dd000 	C:\WINDOWS\SYSTEM32\dhcpcsvc.DLL
0x00007ffa50f10000 - 0x00007ffa50fdb000 	C:\WINDOWS\SYSTEM32\DNSAPI.dll
0x00007ffa1b1e0000 - 0x00007ffa1b37c000 	C:\Program Files\Android\Android Studio\jre\jre\bin\awt.dll
0x00007ffa53ec0000 - 0x00007ffa53f8d000 	C:\WINDOWS\System32\OLEAUT32.dll
0x00007ffa4f660000 - 0x00007ffa4f68f000 	C:\WINDOWS\SYSTEM32\dwmapi.dll
0x00007ffa4d800000 - 0x00007ffa4ddc0000 	C:\WINDOWS\SYSTEM32\d2d1.dll
0x00007ffa4f4b0000 - 0x00007ffa4f540000 	C:\WINDOWS\SYSTEM32\apphelp.dll
0x00007ffa4f560000 - 0x00007ffa4f5fe000 	C:\WINDOWS\system32\uxtheme.dll

VM Arguments:
jvm_args: -Xmx2048m -Dfile.encoding=windows-1252 -Duser.country=US -Duser.language=en -Duser.variant 
java_command: org.gradle.launcher.daemon.bootstrap.GradleDaemon 6.1.1
java_class_path (initial): C:\Users\USER\.gradle\wrapper\dists\gradle-6.1.1-all\cfmwm155h49vnt3hynmlrsdst\gradle-6.1.1\lib\gradle-launcher-6.1.1.jar
Launcher Type: SUN_STANDARD

Environment Variables:
JAVA_HOME=C:\Program Files\Java\jdk-12.0.2
PATH=C:\Program Files\nodejs;C:\Program Files (x86)\Common Files\Oracle\Java\javapath;C:\Program Files (x86)\Common Files\Intel\Shared Files\cpp\bin\Intel64;C:\WINDOWS\system32;C:\WINDOWS;C:\WINDOWS\System32\Wbem;C:\WINDOWS\System32\WindowsPowerShell\v1.0\;C:\Program Files\Microsoft SQL Server\120\Tools\Binn\;C:\Program Files\Java\jdk1.8.0_172\bin;C:\Program Files\apache-ant-1.10.6\bin;C:\Users\USER\AppData\Local\Android\android-sdk\tools\bin;C:\Program Files (x86)\gradle\bin;C:\Users\USER\AppData\Local\Android\android-sdk\platform-tools;C:\Users\USER\AppData\Local\Android\android-sdk\tools;C:\Program Files\Git\bin;C:\WINDOWS\System32\OpenSSH\;C:\xampp\php;C:\ProgramData\ComposerSetup\bin;C:\Users\USER\AppData\Local\Programs\Python\Python37-32\Scripts\;C:\Users\USER\AppData\Local\Programs\Python\Python37-32\;C:\Users\USER\AppData\Local\atom\bin;C:\Users\USER\AppData\Roaming\npm;C:\Users\USER\AppData\Local\Programs\Microsoft VS Code\bin;C:\Users\USER\AppData\Local\Microsoft\WindowsApps;D:\Rabbani S F M\Coding\laravel\composer\bin;C:\Users\USER\AppData\Roaming\Composer\vendor\bin;
USERNAME=RabbaniSidiqFM
OS=Windows_NT
PROCESSOR_IDENTIFIER=Intel64 Family 6 Model 78 Stepping 3, GenuineIntel



---------------  S Y S T E M  ---------------

OS: Windows 10.0 , 64 bit Build 19041 (10.0.19041.804)

CPU:total 4 (initial active 4) (2 cores per cpu, 2 threads per core) family 6 model 78 stepping 3, cmov, cx8, fxsr, mmx, sse, sse2, sse3, ssse3, sse4.1, sse4.2, popcnt, avx, avx2, aes, clmul, erms, 3dnowpref, lzcnt, ht, tsc, tscinvbit, bmi1, bmi2, adx

Memory: 4k page, physical 4066020k(271816k free), swap 5491428k(912k free)

vm_info: OpenJDK 64-Bit Server VM (25.242-b01) for windows-amd64 JRE (1.8.0_242-release-1644-b01), built by "builder" with MS VC++ 10.0 (VS2010)

time: Tue Feb 23 16:50:32 2021
timezone: SE Asia Standard Time
elapsed time: 8008 seconds (0d 2h 13m 28s)

